[INFO ] 2017-11-17 00:18:35.079 [main] CarDao - Vdhistko v pozhondku
[ERROR] 2017-11-17 00:38:26.044 [main] CarDao - org.hibernate.MappingException: Unable to load class [ beans.Car] declared in Hibernate configuration <mapping/> entry
[ERROR] 2017-11-17 00:40:45.137 [main] CarDao - org.hibernate.MappingException: Unable to load class [ beans.Car] declared in Hibernate configuration <mapping/> entry
[ERROR] 2017-11-17 00:43:21.754 [main] CarDao - org.hibernate.MappingException: Unable to load class [ beans.Car] declared in Hibernate configuration <mapping/> entry
[INFO ] 2017-11-17 00:55:46.482 [main] CarDao - Vdhistko v pozhondku
[INFO ] 2017-11-17 01:37:13.421 [main] CarDao - Vdhistko v pozhondku
[INFO ] 2017-11-17 01:40:48.341 [main] CarDao - Vdhistko v pozhondku
[INFO ] 2017-11-17 01:41:22.741 [main] CarDao - Vdhistko v pozhondku
[INFO ] 2017-11-17 01:42:50.299 [main] CarDao - Vdhistko v pozhondku
[INFO ] 2017-11-17 01:51:11.502 [main] CarDao - Vdhistko v pozhondku
[ERROR] 2017-11-17 02:35:28.228 [main] CarDao - org.hibernate.QueryException: could not resolve property: cars of: com.blabla.beans.Car
[ERROR] 2017-11-17 02:42:53.197 [main] CarDao - org.hibernate.QueryException: could not resolve property: shop_id of: com.blabla.beans.Car
[ERROR] 2017-11-17 02:43:23.250 [main] CarDao - org.hibernate.QueryException: could not resolve property: shops_id of: com.blabla.beans.Car
[ERROR] 2017-11-17 02:44:31.343 [main] CarDao - org.hibernate.QueryException: could not resolve property: shops of: com.blabla.beans.Car
[ERROR] 2017-11-17 02:51:47.911 [main] CarDao - org.hibernate.QueryException: not an association: id
[INFO ] 2017-11-17 02:52:54.163 [main] CarDao - Vdhistko v pozhondku
[INFO ] 2017-11-17 02:59:28.960 [main] CarDao - Vdhistko v pozhondku
[INFO ] 2017-11-17 03:02:03.246 [main] CarDao - Vdhistko v pozhondku
[INFO ] 2017-11-17 03:04:55.928 [main] CarDao - Vdhistko v pozhondku
[INFO ] 2017-11-17 03:05:56.327 [main] CarDao - Vdhistko v pozhondku
[INFO ] 2017-11-17 03:08:26.305 [main] ShopDao - Vdhistko v pozhondku
[INFO ] 2017-11-17 03:09:49.809 [main] ShopDao - Vdhistko v pozhondku
[INFO ] 2017-11-17 03:14:48.067 [main] ShopDao - Vdhistko v pozhondku
[INFO ] 2017-11-17 03:30:16.380 [main] ShopDao - Vdhistko v pozhondku
[INFO ] 2017-11-17 03:31:57.077 [main] ShopDao - Vdhistko v pozhondku
